UG to STEP
! INFO-     NX STEP AP214 - V12.0
! INFO-      
! INFO-     Start of Translation: 9-OCT-2022  11:29:34 AM
! INFO-      
! STATUS-   Converting Part: C:\Users\lenovo'\Documents\WeChat Files\wxid_q3da5nyazxb222\FileStorage\MsgAttach\b2d64840e2055aab8328b84ec3955c80\File\2022-10\垫片 1.prt
! SUMMARY-   
! SUMMARY-  Summary of Unigraphics Part Entities
! SUMMARY-  For Part: C:\Users\lenovo'\Documents\WeChat Files\wxid_q3da5nyazxb222\FileStorage\MsgAttach\b2d64840e2055aab8328b84ec3955c80\File\2022-10\垫片 1.prt 
! SUMMARY-  Entities Processed             Count
! SUMMARY-  ------------------             -----
! SUMMARY-  Part Attribute ..............:     1
! SUMMARY-  Font ........................:     1
! SUMMARY-  Color Table .................:     2
! SUMMARY-  Coordinate System ...........:     4
! SUMMARY-  Parameter ...................:     1
! SUMMARY-  Matrix ......................:     1
! SUMMARY-  Solid .......................:
! SUMMARY-     Body .....................:     2
! SUMMARY-                                 -----
! SUMMARY-  Total                             12
! STATUS-    
! STATUS-   Converting to Output Form (Phase 2 of 3): 9-OCT-2022 11:29:37 AM
! STATUS-    
! STATUS-    
! STATUS-   Generating UG geometry and placing them in parts
! STATUS-    
! SUMMARY-   
! SUMMARY-    STEP Header Information
! SUMMARY-   
! SUMMARY-  Description      Unknown
! SUMMARY-  Imp_Level        1
! SUMMARY-  File_Name        后铜垫片.stp
! SUMMARY-  Date             2022-10-09T11:29:37+08:00
! SUMMARY-  Author           Unknown
! SUMMARY-  Organization     Unknown
! SUMMARY-  Pre_Version      ST-DEVELOPER v16.7
! SUMMARY-  Orig_System      SIEMENS PLM Software NX 12.0
! SUMMARY-  Authorization    Unknown
! SUMMARY-   
! SUMMARY-    Summary of STEP Entities
! SUMMARY-   
! SUMMARY-  Entity Type                                                   Count
! SUMMARY-  -----------                                                   ------
! SUMMARY-  advanced_face ..............................................:     18
! SUMMARY-  application_context ........................................:      1
! SUMMARY-  axis2_placement_3d .........................................:     47
! SUMMARY-  cartesian_point ............................................:     83
! SUMMARY-  circle .....................................................:     28
! SUMMARY-  closed_shell ...............................................:      2
! SUMMARY-  conversion_based_unit_and_plane_angle_unit .................:      1
! SUMMARY-  cylindrical_surface ........................................:     14
! SUMMARY-  dimensional_exponents ......................................:      1
! SUMMARY-  direction ..................................................:    102
! SUMMARY-  edge_curve .................................................:     36
! SUMMARY-  edge_loop ..................................................:     36
! SUMMARY-  face_bound .................................................:     28
! SUMMARY-  face_outer_bound ...........................................:      8
! SUMMARY-  geometric_representation_context_and_global_uncertainty_a ..:      1
! SUMMARY-  length_unit_and_si_unit ....................................:      1
! SUMMARY-  line .......................................................:      8
! SUMMARY-  manifold_solid_brep ........................................:      2
! SUMMARY-  oriented_edge ..............................................:     72
! SUMMARY-  plane ......................................................:      4
! SUMMARY-  plane_angle_measure_with_unit ..............................:      1
! SUMMARY-  plane_angle_unit_and_si_unit ...............................:      1
! SUMMARY-  product ....................................................:      1
! SUMMARY-  product_context ............................................:      1
! SUMMARY-  product_definition .........................................:      1
! SUMMARY-  product_definition_context .................................:      1
! SUMMARY-  product_definition_formation_with_specified_source .........:      1
! SUMMARY-  product_definition_shape ...................................:      1
! SUMMARY-  product_related_product_category ...........................:      1
! SUMMARY-  si_unit_and_solid_angle_unit ...............................:      1
! SUMMARY-  uncertainty_measure_with_unit ..............................:      1
! SUMMARY-  vector .....................................................:      8
! SUMMARY-  vertex_point ...............................................:     28
! SUMMARY-                                                               -------
! SUMMARY-  Total                                                            540
! INFO-      
! INFO-     User interface/default file
! INFO-     Bspline aprx. value in effect for this translation : 2.540000e-02 mm
! INFO-      
! INFO-     Total number of solids input for this translation  :       2
! INFO-      
! INFO-     Number of solids processed without problems        :       2
! INFO-      
! INFO-     Number of solids with problems output as sheets    :       0
! INFO-      
! INFO-     Number of solids not processed                     :       0
! INFO-      
! INFO-     End of Translation: 9-OCT-2022  11:29:37 AM
! INFO-      
