C51 COMPILER V9.54   PROGRAM                                                               03/10/2024 23:22:20 PAGE 1   


C51 COMPILER V9.54, COMPILATION OF MODULE PROGRAM
OBJECT MODULE PLACED IN .\Objects\program.obj
COMPILER INVOKED BY: D:\kc51\C51\BIN\C51.EXE program.c OPTIMIZE(8,SPEED) BROWSE DEBUG OBJECTEXTEND PRINT(.\Listings\prog
                    -ram.lst) TABS(2) OBJECT(.\Objects\program.obj)

line level    source

   1          #include <reg52.h>
   2          
   3          sbit Z1 = P0^0;
   4          sbit Z2 = P0^1;
   5          sbit Z3 = P0^2;
   6          sbit Z4 = P0^3;
   7          sbit Z5 = P0^4;
   8          sbit Z6 = P0^5;
   9          sbit Z7 = P0^6;
  10          sbit Z8 = P0^7;
  11          sbit Z9 = P1^0;
  12          sbit Z10 = P1^1;
  13          sbit Z11 = P1^2;
  14          sbit Z12 = P1^3;
  15          sbit Z13 = P1^4;
  16          sbit Z14 = P1^5;
  17          sbit Z15 = P1^6;
  18          sbit Z16 = P1^7;
  19          
  20          sbit S0 = P2^3;
  21          sbit S1 = P2^2;
  22          sbit S2 = P2^1;
  23          sbit S3 = P2^0;
  24          
  25          sbit EN = P2^4;
  26          
  27          sbit DM = P3^7;
  28          sbit DMM =P3^6;
  29          
  30          
  31          void delayms(unsigned int ms)
  32          {
  33   1        unsigned char j;
  34   1        while(ms--)
  35   1        {
  36   2          for(j=0;j<120;j++);
  37   2        }
  38   1      }
  39          
  40          void commd()
  41          {
  42   1        S0 = 0;
  43   1      }
  44          
  45          void commdover()
  46          {
  47   1        S0 = 1;
  48   1      }
  49          
  50          void main()
  51          {
  52   1        Z1 = 1;
  53   1        Z2 = 0;
  54   1        Z3 = 0;
C51 COMPILER V9.54   PROGRAM                                                               03/10/2024 23:22:20 PAGE 2   

  55   1        Z4 = 0;
  56   1        Z5 = 0;
  57   1        Z6 = 0;
  58   1        Z7 = 0;
  59   1        Z8 = 0;
  60   1        Z9 = 0;
  61   1        Z10 = 0;
  62   1        Z11 = 0;
  63   1        Z12 = 0;
  64   1        Z13 = 0;
  65   1        Z14 = 0;
  66   1        Z15 = 1;
  67   1        Z16 = 0;
  68   1        
  69   1        EN = 0;
  70   1        
  71   1        while(1)
  72   1        {
  73   2          commd();
  74   2          delayms(200);
  75   2          commdover();
  76   2          delayms(200);
  77   2        }
  78   1      
  79   1      }


MODULE INFORMATION:   STATIC OVERLAYABLE
   CODE SIZE        =     84    ----
   CONSTANT SIZE    =   ----    ----
   XDATA SIZE       =   ----    ----
   PDATA SIZE       =   ----    ----
   DATA SIZE        =   ----    ----
   IDATA SIZE       =   ----    ----
   BIT SIZE         =   ----    ----
END OF MODULE INFORMATION.


C51 COMPILATION COMPLETE.  0 WARNING(S),  0 ERROR(S)
